<?xml version="1.0" encoding="UTF-8"?>
<!-- Generated by org.testng.reporters.JUnitXMLReporter -->
<testsuite ignored="0" hostname="LAPTOP-EDMUCG4H" failures="0" tests="9" name="Test" time="0.067" errors="0" timestamp="13 Oct 2022 06:19:33 GMT">
  <testcase classname="org.tcs.Testng2" name="test11" time="0.009"/>
  <testcase classname="org.tcs.Testng2" name="test12" time="0.001"/>
  <testcase classname="org.tcs.Testng2" name="test13" time="0.002"/>
  <testcase classname="org.tcs.Testng1" name="test1" time="0.004"/>
  <testcase classname="org.tcs.Testng1" name="test2" time="0.001"/>
  <testcase classname="org.tcs.Testng1" name="test3" time="0.002"/>
  <testcase classname="org.tcs.Testng1" name="test4" time="0.001"/>
  <testcase classname="org.tcs.Testng1" name="test5" time="0.004"/>
  <testcase classname="org.tcs.Testng1" name="test6" time="0.001"/>
</testsuite> <!-- Test -->
